=== pytest ===
============================= test session starts ==============================
platform darwin -- Python 3.13.14, pytest-9.1.1, pluggy-1.6.0
rootdir: <home>/dev/projects/paul-graham-essay-feeds
configfile: pyproject.toml
testpaths: tests
plugins: cov-7.1.0, anyio-4.14.2, respx-0.23.1
collected 172 items / 1 deselected / 171 selected

tests/e2e/test_cli_e2e.py ........                                       [  4%]
tests/integration/test_fetch_http.py ..                                  [  5%]
tests/integration/test_pipeline.py .                                     [  6%]
tests/smoke/test_smoke.py .                                              [  7%]
tests/unit/test_cli.py .........................                         [ 21%]
tests/unit/test_enrich.py ....................                           [ 33%]
tests/unit/test_extract.py .......                                       [ 37%]
tests/unit/test_feeds.py ..................                              [ 47%]
tests/unit/test_fetch.py ..................................              [ 67%]
tests/unit/test_logging_setup.py ...                                     [ 69%]
tests/unit/test_main.py .                                                [ 70%]
tests/unit/test_model.py ....................                            [ 81%]
tests/unit/test_retry.py .......                                         [ 85%]
tests/unit/test_settings.py .......                                      [ 90%]
tests/unit/test_validate.py .................                            [100%]

================================ tests coverage ================================
______________ coverage: platform darwin, python 3.13.14-final-0 _______________

Name                                      Stmts   Miss Branch BrPart  Cover   Missing
-------------------------------------------------------------------------------------
src/paul_graham_essay_feeds/__init__.py       1      0      0      0 100.0%
src/paul_graham_essay_feeds/__main__.py       2      0      0      0 100.0%
src/paul_graham_essay_feeds/cli.py          144     14     56      8  89.0%   46, 98, 136, 139, 141, 236, 317-319, 325-327, 332, 336
src/paul_graham_essay_feeds/enrich.py       131      1     48      4  97.2%   63->65, 68->exit, 114, 145->149
src/paul_graham_essay_feeds/extract.py       86      1     28      1  98.2%   127
src/paul_graham_essay_feeds/feeds.py        180     19     58     10  87.8%   157->169, 162->164, 196, 199-201, 203, 206, 217, 247-250, 286-287, 292-293, 295, 304, 308, 317
src/paul_graham_essay_feeds/fetch.py        169     20     52      6  86.4%   59, 82-83, 101, 125->128, 143-149, 152-156, 197, 317, 327-328
src/paul_graham_essay_feeds/model.py        146     13     40      5  87.1%   129, 146-154, 203, 207, 280
src/paul_graham_essay_feeds/settings.py      26      0      0      0 100.0%
src/paul_graham_essay_feeds/validate.py      49      4     18      2  91.0%   59, 61, 80-81
-------------------------------------------------------------------------------------
TOTAL                                       934     72    300     36  90.4%
Required test coverage of 90% reached. Total coverage: 90.44%
====================== 171 passed, 1 deselected in 17.07s ======================
EXIT:0
